2023-04-24 12:00:36 - DataIngestion - INFO - OMIE Data - Start file Ingestion on folder: /Users/pedrosantos/Documents/Code Projects/inovCode/OmieData/omie-server/../OMIE_Data/
2023-04-24 12:00:36 - DataIngestion - INFO - Total Files Ingested = 82
2023-04-24 12:00:36 - DataIngestion - INFO - Min date = 2023-02-01 00:00:00
2023-04-24 12:00:36 - DataIngestion - INFO - Max date = 2023-04-22 23:00:00
2023-04-24 12:00:36 - DataIngestion - INFO - Total Rows in dataframe = 1944
2023-04-24 12:00:36 - DataIngestion - INFO - Ingestion completed
2023-04-24 12:22:38 - DataIngestion - INFO - OMIE Data - Start file Ingestion on folder: /Users/pedrosantos/Documents/Code Projects/inovCode/OmieData/omie-server/../OMIE_Data/
2023-04-24 12:22:38 - DataIngestion - INFO - Total Files Ingested = 82
2023-04-24 12:22:38 - DataIngestion - INFO - Min date = 2023-02-01 00:00:00
2023-04-24 12:22:38 - DataIngestion - INFO - Max date = 2023-04-22 23:00:00
2023-04-24 12:22:38 - DataIngestion - INFO - Total Rows in dataframe = 1944
2023-04-24 12:22:38 - DataIngestion - INFO - Ingestion completed
2023-04-24 12:22:43 - DataIngestion - INFO - Loading E-Redes Consumption Profile file= /Users/pedrosantos/Documents/Code Projects/inovCode/OmieData/omie-server/../ERedes_profiles/E-REDES_Perfil_Consumo_2023_mod.xlsx
2023-04-24 12:22:50 - DataIngestion - INFO - Loading E-Redes Losses Profile file= /Users/pedrosantos/Documents/Code Projects/inovCode/OmieData/omie-server/../ERedes_profiles/E-REDES_Perfil_Perdas_2023_mod.xlsx
2023-04-24 12:23:15 - DataIngestion - INFO - OMIE Data - Start file Ingestion on folder: /Users/pedrosantos/Documents/Code Projects/inovCode/OmieData/omie-server/../OMIE_Data/
2023-04-24 12:23:16 - DataIngestion - INFO - Total Files Ingested = 85
2023-04-24 12:23:16 - DataIngestion - INFO - Min date = 2023-02-01 00:00:00
2023-04-24 12:23:16 - DataIngestion - INFO - Max date = 2023-04-25 23:00:00
2023-04-24 12:23:16 - DataIngestion - INFO - Total Rows in dataframe = 2016
2023-04-24 12:23:16 - DataIngestion - INFO - Ingestion completed
2023-04-24 12:31:32 - DataIngestion - INFO - OMIE Data - Start file Ingestion on folder: /Users/pedrosantos/Documents/Code Projects/inovCode/OmieData/omie-server/../OMIE_Data/
2023-04-24 12:31:32 - DataIngestion - INFO - Total Files Ingested = 85
2023-04-24 12:31:32 - DataIngestion - INFO - Min date = 2023-02-01 00:00:00
2023-04-24 12:31:32 - DataIngestion - INFO - Max date = 2023-04-25 23:00:00
2023-04-24 12:31:32 - DataIngestion - INFO - Total Rows in dataframe = 2016
2023-04-24 12:31:32 - DataIngestion - INFO - Ingestion completed
2023-04-24 12:31:32 - DataIngestion - INFO - Loading E-Redes Consumption Profile file= /Users/pedrosantos/Documents/Code Projects/inovCode/OmieData/omie-server/../ERedes_profiles/E-REDES_Perfil_Consumo_2023_mod.xlsx
2023-04-24 12:31:38 - DataIngestion - INFO - Loading E-Redes Losses Profile file= /Users/pedrosantos/Documents/Code Projects/inovCode/OmieData/omie-server/../ERedes_profiles/E-REDES_Perfil_Perdas_2023_mod.xlsx
2023-04-24 12:34:37 - DataIngestion - INFO - OMIE Data - Start file Ingestion on folder: /Users/pedrosantos/Documents/Code Projects/inovCode/OmieData/omie-server/../OMIE_Data/
2023-04-24 12:34:37 - DataIngestion - INFO - Total Files Ingested = 85
2023-04-24 12:34:37 - DataIngestion - INFO - Min date = 2023-02-01 00:00:00
2023-04-24 12:34:37 - DataIngestion - INFO - Max date = 2023-04-25 23:00:00
2023-04-24 12:34:37 - DataIngestion - INFO - Total Rows in dataframe = 2016
2023-04-24 12:34:37 - DataIngestion - INFO - Ingestion completed
2023-04-24 12:34:37 - DataIngestion - INFO - Loading E-Redes Consumption Profile file= /Users/pedrosantos/Documents/Code Projects/inovCode/OmieData/omie-server/../ERedes_profiles/E-REDES_Perfil_Consumo_2023_mod.xlsx
2023-04-24 12:34:43 - DataIngestion - INFO - Loading E-Redes Losses Profile file= /Users/pedrosantos/Documents/Code Projects/inovCode/OmieData/omie-server/../ERedes_profiles/E-REDES_Perfil_Perdas_2023_mod.xlsx
2023-04-24 12:36:09 - DataIngestion - INFO - OMIE Data - Start file Ingestion on folder: /Users/pedrosantos/Documents/Code Projects/inovCode/OmieData/omie-server/../OMIE_Data/
2023-04-24 12:36:09 - DataIngestion - INFO - Total Files Ingested = 85
2023-04-24 12:36:09 - DataIngestion - INFO - Min date = 2023-02-01 00:00:00
2023-04-24 12:36:09 - DataIngestion - INFO - Max date = 2023-04-25 23:00:00
2023-04-24 12:36:09 - DataIngestion - INFO - Total Rows in dataframe = 2016
2023-04-24 12:36:09 - DataIngestion - INFO - Ingestion completed
2023-04-24 12:36:09 - DataIngestion - INFO - Loading E-Redes Consumption Profile file= /Users/pedrosantos/Documents/Code Projects/inovCode/OmieData/omie-server/../ERedes_profiles/E-REDES_Perfil_Consumo_2023_mod.xlsx
2023-04-24 12:36:15 - DataIngestion - INFO - Loading E-Redes Losses Profile file= /Users/pedrosantos/Documents/Code Projects/inovCode/OmieData/omie-server/../ERedes_profiles/E-REDES_Perfil_Perdas_2023_mod.xlsx
2023-04-24 12:44:42 - DataIngestion - INFO - OMIE Data - Start file Ingestion on folder: /Users/pedrosantos/Documents/Code Projects/inovCode/OmieData/omie-server/../OMIE_Data/
2023-04-24 12:44:43 - DataIngestion - INFO - Total Files Ingested = 85
2023-04-24 12:44:43 - DataIngestion - INFO - Min date = 2023-02-01 00:00:00
2023-04-24 12:44:43 - DataIngestion - INFO - Max date = 2023-04-25 23:00:00
2023-04-24 12:44:43 - DataIngestion - INFO - Total Rows in dataframe = 2016
2023-04-24 12:44:43 - DataIngestion - INFO - Ingestion completed
2023-04-24 12:44:43 - DataIngestion - INFO - Loading E-Redes Consumption Profile file= /Users/pedrosantos/Documents/Code Projects/inovCode/OmieData/omie-server/../ERedes_profiles/E-REDES_Perfil_Consumo_2023_mod.xlsx
2023-04-24 12:44:48 - DataIngestion - INFO - Loading E-Redes Losses Profile file= /Users/pedrosantos/Documents/Code Projects/inovCode/OmieData/omie-server/../ERedes_profiles/E-REDES_Perfil_Perdas_2023_mod.xlsx
2023-04-24 12:45:05 - DataIngestion - INFO - OMIE Data - Start file Ingestion on folder: /Users/pedrosantos/Documents/Code Projects/inovCode/OmieData/omie-server/../OMIE_Data/
2023-04-24 12:45:05 - DataIngestion - INFO - Total Files Ingested = 85
2023-04-24 12:45:05 - DataIngestion - INFO - Min date = 2023-02-01 00:00:00
2023-04-24 12:45:05 - DataIngestion - INFO - Max date = 2023-04-25 23:00:00
2023-04-24 12:45:05 - DataIngestion - INFO - Total Rows in dataframe = 2016
2023-04-24 12:45:05 - DataIngestion - INFO - Ingestion completed
2023-04-24 12:45:05 - DataIngestion - INFO - Loading E-Redes Consumption Profile file= /Users/pedrosantos/Documents/Code Projects/inovCode/OmieData/omie-server/../ERedes_profiles/E-REDES_Perfil_Consumo_2023_mod.xlsx
2023-04-24 12:45:11 - DataIngestion - INFO - Loading E-Redes Losses Profile file= /Users/pedrosantos/Documents/Code Projects/inovCode/OmieData/omie-server/../ERedes_profiles/E-REDES_Perfil_Perdas_2023_mod.xlsx
2023-04-24 12:47:21 - DataIngestion - INFO - OMIE Data - Start file Ingestion on folder: /Users/pedrosantos/Documents/Code Projects/inovCode/OmieData/omie-server/../OMIE_Data/
2023-04-24 12:47:21 - DataIngestion - INFO - Total Files Ingested = 85
2023-04-24 12:47:21 - DataIngestion - INFO - Min date = 2023-02-01 00:00:00
2023-04-24 12:47:21 - DataIngestion - INFO - Max date = 2023-04-25 23:00:00
2023-04-24 12:47:21 - DataIngestion - INFO - Total Rows in dataframe = 2016
2023-04-24 12:47:21 - DataIngestion - INFO - Ingestion completed
2023-04-24 12:47:21 - DataIngestion - INFO - Loading E-Redes Consumption Profile file= /Users/pedrosantos/Documents/Code Projects/inovCode/OmieData/omie-server/../ERedes_profiles/E-REDES_Perfil_Consumo_2023_mod.xlsx
2023-04-24 12:47:27 - DataIngestion - INFO - Loading E-Redes Losses Profile file= /Users/pedrosantos/Documents/Code Projects/inovCode/OmieData/omie-server/../ERedes_profiles/E-REDES_Perfil_Perdas_2023_mod.xlsx
2023-04-24 13:00:37 - DataIngestion - INFO - OMIE Data - Start file Ingestion on folder: /Users/pedrosantos/Documents/Code Projects/inovCode/OmieData/omie-server/../OMIE_Data/
2023-04-24 13:00:37 - DataIngestion - INFO - Total Files Ingested = 85
2023-04-24 13:00:37 - DataIngestion - INFO - Min date = 2023-02-01 00:00:00
2023-04-24 13:00:37 - DataIngestion - INFO - Max date = 2023-04-25 23:00:00
2023-04-24 13:00:37 - DataIngestion - INFO - Total Rows in dataframe = 2016
2023-04-24 13:00:37 - DataIngestion - INFO - Ingestion completed
2023-04-24 13:00:37 - DataIngestion - INFO - Loading E-Redes Consumption Profile file= /Users/pedrosantos/Documents/Code Projects/inovCode/OmieData/omie-server/../ERedes_profiles/E-REDES_Perfil_Consumo_2023_mod.xlsx
2023-04-24 13:00:43 - DataIngestion - INFO - Loading E-Redes Losses Profile file= /Users/pedrosantos/Documents/Code Projects/inovCode/OmieData/omie-server/../ERedes_profiles/E-REDES_Perfil_Perdas_2023_mod.xlsx
2023-04-24 13:18:41 - DataIngestion - INFO - OMIE Data - Start file Ingestion on folder: /Users/pedrosantos/Documents/Code Projects/inovCode/OmieData/omie-server/../OMIE_Data/
2023-04-24 13:18:42 - DataIngestion - INFO - Total Files Ingested = 85
2023-04-24 13:18:42 - DataIngestion - INFO - Min date = 2023-02-01 00:00:00
2023-04-24 13:18:42 - DataIngestion - INFO - Max date = 2023-04-25 23:00:00
2023-04-24 13:18:42 - DataIngestion - INFO - Total Rows in dataframe = 2016
2023-04-24 13:18:42 - DataIngestion - INFO - Ingestion completed
2023-04-24 13:18:42 - DataIngestion - INFO - Loading E-Redes Consumption Profile file= /Users/pedrosantos/Documents/Code Projects/inovCode/OmieData/omie-server/../ERedes_profiles/E-REDES_Perfil_Consumo_2023_mod.xlsx
2023-04-24 13:18:47 - DataIngestion - INFO - Loading E-Redes Losses Profile file= /Users/pedrosantos/Documents/Code Projects/inovCode/OmieData/omie-server/../ERedes_profiles/E-REDES_Perfil_Perdas_2023_mod.xlsx
2023-04-24 13:36:48 - DataIngestion - INFO - OMIE Data - Start file Ingestion on folder: /Users/pedrosantos/Documents/Code Projects/inovCode/OmieData/omie-server/../OMIE_Data/
2023-04-24 13:36:48 - DataIngestion - INFO - Total Files Ingested = 85
2023-04-24 13:36:48 - DataIngestion - INFO - Min date = 2023-02-01 00:00:00
2023-04-24 13:36:48 - DataIngestion - INFO - Max date = 2023-04-25 23:00:00
2023-04-24 13:36:48 - DataIngestion - INFO - Total Rows in dataframe = 2016
2023-04-24 13:36:48 - DataIngestion - INFO - Ingestion completed
2023-04-24 13:36:48 - DataIngestion - INFO - Loading E-Redes Consumption Profile file= /Users/pedrosantos/Documents/Code Projects/inovCode/OmieData/omie-server/../ERedes_profiles/E-REDES_Perfil_Consumo_2023_mod.xlsx
2023-04-24 13:38:53 - DataIngestion - INFO - OMIE Data - Start file Ingestion on folder: /Users/pedrosantos/Documents/Code Projects/inovCode/OmieData/omie-server/../OMIE_Data/
2023-04-24 13:38:53 - DataIngestion - INFO - Total Files Ingested = 85
2023-04-24 13:38:53 - DataIngestion - INFO - Min date = 2023-02-01 00:00:00
2023-04-24 13:38:53 - DataIngestion - INFO - Max date = 2023-04-25 23:00:00
2023-04-24 13:38:53 - DataIngestion - INFO - Total Rows in dataframe = 2016
2023-04-24 13:38:53 - DataIngestion - INFO - Ingestion completed
2023-04-24 13:38:53 - DataIngestion - INFO - Loading E-Redes Consumption Profile file= /Users/pedrosantos/Documents/Code Projects/inovCode/OmieData/omie-server/../ERedes_profiles/E-REDES_Perfil_Consumo_2023_mod.xlsx
2023-04-24 13:38:59 - DataIngestion - INFO - Loading E-Redes Losses Profile file= /Users/pedrosantos/Documents/Code Projects/inovCode/OmieData/omie-server/../ERedes_profiles/E-REDES_Perfil_Perdas_2023_mod.xlsx
2023-04-24 14:08:58 - DataIngestion - INFO - OMIE Data - Start file Ingestion on folder: /Users/pedrosantos/Documents/Code Projects/inovCode/OmieData/omie-server/../OMIE_Data/
2023-04-24 14:08:58 - DataIngestion - INFO - Total Files Ingested = 85
2023-04-24 14:08:58 - DataIngestion - INFO - Min date = 2023-02-01 00:00:00
2023-04-24 14:08:58 - DataIngestion - INFO - Max date = 2023-04-25 23:00:00
2023-04-24 14:08:58 - DataIngestion - INFO - Total Rows in dataframe = 2016
2023-04-24 14:08:58 - DataIngestion - INFO - Ingestion completed
2023-04-24 14:08:58 - DataIngestion - INFO - Loading E-Redes Consumption Profile file= /Users/pedrosantos/Documents/Code Projects/inovCode/OmieData/omie-server/../ERedes_profiles/E-REDES_Perfil_Consumo_2023_mod.xlsx
2023-04-24 14:09:04 - DataIngestion - INFO - Loading E-Redes Losses Profile file= /Users/pedrosantos/Documents/Code Projects/inovCode/OmieData/omie-server/../ERedes_profiles/E-REDES_Perfil_Perdas_2023_mod.xlsx
2023-04-24 14:11:19 - DataIngestion - INFO - OMIE Data - Start file Ingestion on folder: /Users/pedrosantos/Documents/Code Projects/inovCode/OmieData/omie-server/../OMIE_Data/
2023-04-24 14:11:19 - DataIngestion - INFO - Total Files Ingested = 85
2023-04-24 14:11:19 - DataIngestion - INFO - Min date = 2023-02-01 00:00:00
2023-04-24 14:11:19 - DataIngestion - INFO - Max date = 2023-04-25 23:00:00
2023-04-24 14:11:19 - DataIngestion - INFO - Total Rows in dataframe = 2016
2023-04-24 14:11:19 - DataIngestion - INFO - Ingestion completed
2023-04-24 14:11:19 - DataIngestion - INFO - Loading E-Redes Consumption Profile file= /Users/pedrosantos/Documents/Code Projects/inovCode/OmieData/omie-server/../ERedes_profiles/E-REDES_Perfil_Consumo_2023_mod.xlsx
2023-04-24 14:11:25 - DataIngestion - INFO - Loading E-Redes Losses Profile file= /Users/pedrosantos/Documents/Code Projects/inovCode/OmieData/omie-server/../ERedes_profiles/E-REDES_Perfil_Perdas_2023_mod.xlsx
2023-04-24 14:16:00 - DataIngestion - INFO - OMIE Data - Start file Ingestion on folder: /Users/pedrosantos/Documents/Code Projects/inovCode/OmieData/omie-server/../OMIE_Data/
2023-04-24 14:16:01 - DataIngestion - INFO - Total Files Ingested = 85
2023-04-24 14:16:01 - DataIngestion - INFO - Min date = 2023-02-01 00:00:00
2023-04-24 14:16:01 - DataIngestion - INFO - Max date = 2023-04-25 23:00:00
2023-04-24 14:16:01 - DataIngestion - INFO - Total Rows in dataframe = 2016
2023-04-24 14:16:01 - DataIngestion - INFO - Ingestion completed
2023-04-24 14:16:01 - DataIngestion - INFO - Loading E-Redes Consumption Profile file= /Users/pedrosantos/Documents/Code Projects/inovCode/OmieData/omie-server/../ERedes_profiles/E-REDES_Perfil_Consumo_2023_mod.xlsx
2023-04-24 14:16:06 - DataIngestion - INFO - Loading E-Redes Losses Profile file= /Users/pedrosantos/Documents/Code Projects/inovCode/OmieData/omie-server/../ERedes_profiles/E-REDES_Perfil_Perdas_2023_mod.xlsx
2023-04-24 15:33:44 - DataIngestion - INFO - OMIE Data - Start file Ingestion on folder: /Users/pedrosantos/Documents/Code Projects/inovCode/OmieData/omie-server/../OMIE_Data/
2023-04-24 15:33:44 - DataIngestion - INFO - Total Files Ingested = 85
2023-04-24 15:33:44 - DataIngestion - INFO - Min date = 2023-02-01 00:00:00
2023-04-24 15:33:44 - DataIngestion - INFO - Max date = 2023-04-25 23:00:00
2023-04-24 15:33:44 - DataIngestion - INFO - Total Rows in dataframe = 2016
2023-04-24 15:33:44 - DataIngestion - INFO - Ingestion completed
2023-04-24 15:33:44 - DataIngestion - INFO - Loading E-Redes Consumption Profile file= /Users/pedrosantos/Documents/Code Projects/inovCode/OmieData/omie-server/../ERedes_profiles/E-REDES_Perfil_Consumo_2023_mod.xlsx
2023-04-24 15:33:50 - DataIngestion - INFO - Loading E-Redes Losses Profile file= /Users/pedrosantos/Documents/Code Projects/inovCode/OmieData/omie-server/../ERedes_profiles/E-REDES_Perfil_Perdas_2023_mod.xlsx
2023-04-24 15:36:54 - DataIngestion - INFO - OMIE Data - Start file Ingestion on folder: /Users/pedrosantos/Documents/Code Projects/inovCode/OmieData/omie-server/../OMIE_Data/
2023-04-24 15:36:54 - DataIngestion - INFO - Total Files Ingested = 85
2023-04-24 15:36:54 - DataIngestion - INFO - Min date = 2023-02-01 00:00:00
2023-04-24 15:36:54 - DataIngestion - INFO - Max date = 2023-04-25 23:00:00
2023-04-24 15:36:54 - DataIngestion - INFO - Total Rows in dataframe = 2016
2023-04-24 15:36:54 - DataIngestion - INFO - Ingestion completed
2023-04-24 15:36:54 - DataIngestion - INFO - Loading E-Redes Consumption Profile file= /Users/pedrosantos/Documents/Code Projects/inovCode/OmieData/omie-server/../ERedes_profiles/E-REDES_Perfil_Consumo_2023_mod.xlsx
2023-04-24 15:37:00 - DataIngestion - INFO - Loading E-Redes Losses Profile file= /Users/pedrosantos/Documents/Code Projects/inovCode/OmieData/omie-server/../ERedes_profiles/E-REDES_Perfil_Perdas_2023_mod.xlsx
2023-04-24 15:54:44 - DataIngestion - INFO - OMIE Data - Start file Ingestion on folder: /Users/pedrosantos/Documents/Code Projects/inovCode/OmieData/omie-server/../OMIE_Data/
2023-04-24 15:54:44 - DataIngestion - INFO - Total Files Ingested = 85
2023-04-24 15:54:44 - DataIngestion - INFO - Min date = 2023-02-01 00:00:00
2023-04-24 15:54:44 - DataIngestion - INFO - Max date = 2023-04-25 23:00:00
2023-04-24 15:54:44 - DataIngestion - INFO - Total Rows in dataframe = 2016
2023-04-24 15:54:44 - DataIngestion - INFO - Ingestion completed
2023-04-24 15:54:44 - DataIngestion - INFO - Loading E-Redes Consumption Profile file= /Users/pedrosantos/Documents/Code Projects/inovCode/OmieData/omie-server/../ERedes_profiles/E-REDES_Perfil_Consumo_2023_mod.xlsx
2023-04-24 15:54:50 - DataIngestion - INFO - Loading E-Redes Losses Profile file= /Users/pedrosantos/Documents/Code Projects/inovCode/OmieData/omie-server/../ERedes_profiles/E-REDES_Perfil_Perdas_2023_mod.xlsx
2023-04-24 15:58:00 - DataIngestion - INFO - OMIE Data - Start file Ingestion on folder: /Users/pedrosantos/Documents/Code Projects/inovCode/OmieData/omie-server/../OMIE_Data/
2023-04-24 15:58:00 - DataIngestion - INFO - Total Files Ingested = 85
2023-04-24 15:58:00 - DataIngestion - INFO - Min date = 2023-02-01 00:00:00
2023-04-24 15:58:00 - DataIngestion - INFO - Max date = 2023-04-25 23:00:00
2023-04-24 15:58:00 - DataIngestion - INFO - Total Rows in dataframe = 2016
2023-04-24 15:58:00 - DataIngestion - INFO - Ingestion completed
2023-04-24 15:58:00 - DataIngestion - INFO - Loading E-Redes Consumption Profile file= /Users/pedrosantos/Documents/Code Projects/inovCode/OmieData/omie-server/../ERedes_profiles/E-REDES_Perfil_Consumo_2023_mod.xlsx
2023-04-24 15:58:06 - DataIngestion - INFO - Loading E-Redes Losses Profile file= /Users/pedrosantos/Documents/Code Projects/inovCode/OmieData/omie-server/../ERedes_profiles/E-REDES_Perfil_Perdas_2023_mod.xlsx
2023-04-24 16:03:48 - DataIngestion - INFO - OMIE Data - Start file Ingestion on folder: /Users/pedrosantos/Documents/Code Projects/inovCode/OmieData/omie-server/../OMIE_Data/
2023-04-24 16:03:48 - DataIngestion - INFO - Total Files Ingested = 85
2023-04-24 16:03:48 - DataIngestion - INFO - Min date = 2023-02-01 00:00:00
2023-04-24 16:03:48 - DataIngestion - INFO - Max date = 2023-04-25 23:00:00
2023-04-24 16:03:48 - DataIngestion - INFO - Total Rows in dataframe = 2016
2023-04-24 16:03:48 - DataIngestion - INFO - Ingestion completed
2023-04-24 16:03:48 - DataIngestion - INFO - Loading E-Redes Consumption Profile file= /Users/pedrosantos/Documents/Code Projects/inovCode/OmieData/omie-server/../ERedes_profiles/E-REDES_Perfil_Consumo_2023_mod.xlsx
2023-04-24 16:03:54 - DataIngestion - INFO - Loading E-Redes Losses Profile file= /Users/pedrosantos/Documents/Code Projects/inovCode/OmieData/omie-server/../ERedes_profiles/E-REDES_Perfil_Perdas_2023_mod.xlsx
2023-04-24 16:14:32 - DataIngestion - INFO - OMIE Data - Start file Ingestion on folder: /Users/pedrosantos/Documents/Code Projects/inovCode/OmieData/omie-server/../OMIE_Data/
2023-04-24 16:14:32 - DataIngestion - INFO - Total Files Ingested = 85
2023-04-24 16:14:32 - DataIngestion - INFO - Min date = 2023-02-01 00:00:00
2023-04-24 16:14:32 - DataIngestion - INFO - Max date = 2023-04-25 23:00:00
2023-04-24 16:14:32 - DataIngestion - INFO - Total Rows in dataframe = 2016
2023-04-24 16:14:32 - DataIngestion - INFO - Ingestion completed
2023-04-24 16:14:32 - DataIngestion - INFO - Loading E-Redes Consumption Profile file= /Users/pedrosantos/Documents/Code Projects/inovCode/OmieData/omie-server/../ERedes_profiles/E-REDES_Perfil_Consumo_2023_mod.xlsx
2023-04-24 16:14:38 - DataIngestion - INFO - Loading E-Redes Losses Profile file= /Users/pedrosantos/Documents/Code Projects/inovCode/OmieData/omie-server/../ERedes_profiles/E-REDES_Perfil_Perdas_2023_mod.xlsx
2023-04-24 16:35:43 - DataIngestion - INFO - OMIE Data - Start file Ingestion on folder: /Users/pedrosantos/Documents/Code Projects/inovCode/OmieData/omie-server/../OMIE_Data/
2023-04-24 16:35:43 - DataIngestion - INFO - Total Files Ingested = 85
2023-04-24 16:35:43 - DataIngestion - INFO - Min date = 2023-02-01 00:00:00
2023-04-24 16:35:43 - DataIngestion - INFO - Max date = 2023-04-25 23:00:00
2023-04-24 16:35:43 - DataIngestion - INFO - Total Rows in dataframe = 2016
2023-04-24 16:35:43 - DataIngestion - INFO - Ingestion completed
2023-04-24 16:35:43 - DataIngestion - INFO - Loading E-Redes Consumption Profile file= /Users/pedrosantos/Documents/Code Projects/inovCode/OmieData/omie-server/../ERedes_profiles/E-REDES_Perfil_Consumo_2023_mod.xlsx
2023-04-24 16:35:49 - DataIngestion - INFO - Loading E-Redes Losses Profile file= /Users/pedrosantos/Documents/Code Projects/inovCode/OmieData/omie-server/../ERedes_profiles/E-REDES_Perfil_Perdas_2023_mod.xlsx
2023-04-24 16:37:16 - DataIngestion - INFO - OMIE Data - Start file Ingestion on folder: /Users/pedrosantos/Documents/Code Projects/inovCode/OmieData/omie-server/../OMIE_Data/
2023-04-24 16:37:16 - DataIngestion - INFO - Total Files Ingested = 85
2023-04-24 16:37:16 - DataIngestion - INFO - Min date = 2023-02-01 00:00:00
2023-04-24 16:37:16 - DataIngestion - INFO - Max date = 2023-04-25 23:00:00
2023-04-24 16:37:16 - DataIngestion - INFO - Total Rows in dataframe = 2016
2023-04-24 16:37:16 - DataIngestion - INFO - Ingestion completed
2023-04-24 16:37:16 - DataIngestion - INFO - Loading E-Redes Consumption Profile file= /Users/pedrosantos/Documents/Code Projects/inovCode/OmieData/omie-server/../ERedes_profiles/E-REDES_Perfil_Consumo_2023_mod.xlsx
2023-04-24 16:37:22 - DataIngestion - INFO - Loading E-Redes Losses Profile file= /Users/pedrosantos/Documents/Code Projects/inovCode/OmieData/omie-server/../ERedes_profiles/E-REDES_Perfil_Perdas_2023_mod.xlsx
2023-04-24 16:39:07 - DataIngestion - INFO - OMIE Data - Start file Ingestion on folder: /Users/pedrosantos/Documents/Code Projects/inovCode/OmieData/omie-server/../OMIE_Data/
2023-04-24 16:39:08 - DataIngestion - INFO - Total Files Ingested = 85
2023-04-24 16:39:08 - DataIngestion - INFO - Min date = 2023-02-01 00:00:00
2023-04-24 16:39:08 - DataIngestion - INFO - Max date = 2023-04-25 23:00:00
2023-04-24 16:39:08 - DataIngestion - INFO - Total Rows in dataframe = 2016
2023-04-24 16:39:08 - DataIngestion - INFO - Ingestion completed
2023-04-24 16:39:08 - DataIngestion - INFO - Loading E-Redes Consumption Profile file= /Users/pedrosantos/Documents/Code Projects/inovCode/OmieData/omie-server/../ERedes_profiles/E-REDES_Perfil_Consumo_2023_mod.xlsx
2023-04-24 16:39:13 - DataIngestion - INFO - Loading E-Redes Losses Profile file= /Users/pedrosantos/Documents/Code Projects/inovCode/OmieData/omie-server/../ERedes_profiles/E-REDES_Perfil_Perdas_2023_mod.xlsx
2023-04-24 16:58:37 - DataIngestion - INFO - OMIE Data - Start file Ingestion on folder: /Users/pedrosantos/Documents/Code Projects/inovCode/OmieData/omie-server/../OMIE_Data/
2023-04-24 16:58:37 - DataIngestion - INFO - Total Files Ingested = 85
2023-04-24 16:58:37 - DataIngestion - INFO - Min date = 2023-02-01 00:00:00
2023-04-24 16:58:37 - DataIngestion - INFO - Max date = 2023-04-25 23:00:00
2023-04-24 16:58:37 - DataIngestion - INFO - Total Rows in dataframe = 2016
2023-04-24 16:58:37 - DataIngestion - INFO - Ingestion completed
2023-04-24 16:58:37 - DataIngestion - INFO - Loading E-Redes Consumption Profile file= /Users/pedrosantos/Documents/Code Projects/inovCode/OmieData/omie-server/../ERedes_profiles/E-REDES_Perfil_Consumo_2023_mod.xlsx
2023-04-24 16:58:43 - DataIngestion - INFO - Loading E-Redes Losses Profile file= /Users/pedrosantos/Documents/Code Projects/inovCode/OmieData/omie-server/../ERedes_profiles/E-REDES_Perfil_Perdas_2023_mod.xlsx
2023-04-24 17:08:59 - DataIngestion - INFO - OMIE Data - Start file Ingestion on folder: /Users/pedrosantos/Documents/Code Projects/inovCode/OmieData/omie-server/../OMIE_Data/
2023-04-24 17:08:59 - DataIngestion - INFO - Total Files Ingested = 85
2023-04-24 17:08:59 - DataIngestion - INFO - Min date = 2023-02-01 00:00:00
2023-04-24 17:08:59 - DataIngestion - INFO - Max date = 2023-04-25 23:00:00
2023-04-24 17:08:59 - DataIngestion - INFO - Total Rows in dataframe = 2016
2023-04-24 17:08:59 - DataIngestion - INFO - Ingestion completed
2023-04-24 17:08:59 - DataIngestion - INFO - Loading E-Redes Consumption Profile file= /Users/pedrosantos/Documents/Code Projects/inovCode/OmieData/omie-server/../ERedes_profiles/E-REDES_Perfil_Consumo_2023_mod.xlsx
2023-04-24 17:09:05 - DataIngestion - INFO - Loading E-Redes Losses Profile file= /Users/pedrosantos/Documents/Code Projects/inovCode/OmieData/omie-server/../ERedes_profiles/E-REDES_Perfil_Perdas_2023_mod.xlsx
2023-04-24 17:09:40 - DataIngestion - INFO - OMIE Data - Start file Ingestion on folder: /Users/pedrosantos/Documents/Code Projects/inovCode/OmieData/omie-server/../OMIE_Data/
2023-04-24 17:09:40 - DataIngestion - INFO - Total Files Ingested = 85
2023-04-24 17:09:40 - DataIngestion - INFO - Min date = 2023-02-01 00:00:00
2023-04-24 17:09:40 - DataIngestion - INFO - Max date = 2023-04-25 23:00:00
2023-04-24 17:09:40 - DataIngestion - INFO - Total Rows in dataframe = 2016
2023-04-24 17:09:40 - DataIngestion - INFO - Ingestion completed
2023-04-24 17:09:40 - DataIngestion - INFO - Loading E-Redes Consumption Profile file= /Users/pedrosantos/Documents/Code Projects/inovCode/OmieData/omie-server/../ERedes_profiles/E-REDES_Perfil_Consumo_2023_mod.xlsx
2023-04-24 17:09:46 - DataIngestion - INFO - Loading E-Redes Losses Profile file= /Users/pedrosantos/Documents/Code Projects/inovCode/OmieData/omie-server/../ERedes_profiles/E-REDES_Perfil_Perdas_2023_mod.xlsx
2023-04-24 17:15:21 - DataIngestion - INFO - OMIE Data - Start file Ingestion on folder: /Users/pedrosantos/Documents/Code Projects/inovCode/OmieData/omie-server/../OMIE_Data/
2023-04-24 17:15:21 - DataIngestion - INFO - Total Files Ingested = 85
2023-04-24 17:15:21 - DataIngestion - INFO - Min date = 2023-02-01 00:00:00
2023-04-24 17:15:21 - DataIngestion - INFO - Max date = 2023-04-25 23:00:00
2023-04-24 17:15:21 - DataIngestion - INFO - Total Rows in dataframe = 2016
2023-04-24 17:15:21 - DataIngestion - INFO - Ingestion completed
2023-04-24 17:15:21 - DataIngestion - INFO - Loading E-Redes Consumption Profile file= /Users/pedrosantos/Documents/Code Projects/inovCode/OmieData/omie-server/../ERedes_profiles/E-REDES_Perfil_Consumo_2023_mod.xlsx
2023-04-24 17:15:27 - DataIngestion - INFO - Loading E-Redes Losses Profile file= /Users/pedrosantos/Documents/Code Projects/inovCode/OmieData/omie-server/../ERedes_profiles/E-REDES_Perfil_Perdas_2023_mod.xlsx
2023-04-24 17:19:29 - DataIngestion - INFO - OMIE Data - Start file Ingestion on folder: /Users/pedrosantos/Documents/Code Projects/inovCode/OmieData/omie-server/../OMIE_Data/
2023-04-24 17:19:29 - DataIngestion - INFO - Total Files Ingested = 85
2023-04-24 17:19:29 - DataIngestion - INFO - Min date = 2023-02-01 00:00:00
2023-04-24 17:19:29 - DataIngestion - INFO - Max date = 2023-04-25 23:00:00
2023-04-24 17:19:29 - DataIngestion - INFO - Total Rows in dataframe = 2016
2023-04-24 17:19:29 - DataIngestion - INFO - Ingestion completed
2023-04-24 17:19:29 - DataIngestion - INFO - Loading E-Redes Consumption Profile file= /Users/pedrosantos/Documents/Code Projects/inovCode/OmieData/omie-server/../ERedes_profiles/E-REDES_Perfil_Consumo_2023_mod.xlsx
2023-04-24 17:19:35 - DataIngestion - INFO - Loading E-Redes Losses Profile file= /Users/pedrosantos/Documents/Code Projects/inovCode/OmieData/omie-server/../ERedes_profiles/E-REDES_Perfil_Perdas_2023_mod.xlsx
2023-04-24 17:20:13 - DataIngestion - INFO - OMIE Data - Start file Ingestion on folder: /Users/pedrosantos/Documents/Code Projects/inovCode/OmieData/omie-server/../OMIE_Data/
2023-04-24 17:20:13 - DataIngestion - INFO - Total Files Ingested = 85
2023-04-24 17:20:13 - DataIngestion - INFO - Min date = 2023-02-01 00:00:00
2023-04-24 17:20:13 - DataIngestion - INFO - Max date = 2023-04-25 23:00:00
2023-04-24 17:20:13 - DataIngestion - INFO - Total Rows in dataframe = 2016
2023-04-24 17:20:13 - DataIngestion - INFO - Ingestion completed
2023-04-24 17:20:13 - DataIngestion - INFO - Loading E-Redes Consumption Profile file= /Users/pedrosantos/Documents/Code Projects/inovCode/OmieData/omie-server/../ERedes_profiles/E-REDES_Perfil_Consumo_2023_mod.xlsx
2023-04-24 17:20:19 - DataIngestion - INFO - Loading E-Redes Losses Profile file= /Users/pedrosantos/Documents/Code Projects/inovCode/OmieData/omie-server/../ERedes_profiles/E-REDES_Perfil_Perdas_2023_mod.xlsx
2023-04-24 21:34:57 - DataIngestion - INFO - OMIE Data - Start file Ingestion on folder: /Users/pedrosantos/Documents/Code Projects/inovCode/OmieData/omie-server/../OMIE_Data/
2023-04-24 21:34:57 - DataIngestion - INFO - Total Files Ingested = 85
2023-04-24 21:34:57 - DataIngestion - INFO - Min date = 2023-02-01 00:00:00
2023-04-24 21:34:57 - DataIngestion - INFO - Max date = 2023-04-25 23:00:00
2023-04-24 21:34:57 - DataIngestion - INFO - Total Rows in dataframe = 2016
2023-04-24 21:34:57 - DataIngestion - INFO - Ingestion completed
2023-04-24 21:34:57 - DataIngestion - INFO - Loading E-Redes Consumption Profile file= /Users/pedrosantos/Documents/Code Projects/inovCode/OmieData/omie-server/../ERedes_profiles/E-REDES_Perfil_Consumo_2023_mod.xlsx
2023-04-24 21:35:03 - DataIngestion - INFO - Loading E-Redes Losses Profile file= /Users/pedrosantos/Documents/Code Projects/inovCode/OmieData/omie-server/../ERedes_profiles/E-REDES_Perfil_Perdas_2023_mod.xlsx
2023-04-24 21:39:20 - DataIngestion - INFO - OMIE Data - Start file Ingestion on folder: ../OMIE_Data/
2023-04-24 21:39:51 - DataIngestion - INFO - OMIE Data - Start file Ingestion on folder: ./OMIE_Data/
2023-04-24 21:39:51 - DataIngestion - INFO - Total Files Ingested = 85
2023-04-24 21:39:51 - DataIngestion - INFO - Min date = 2023-02-01 00:00:00
2023-04-24 21:39:51 - DataIngestion - INFO - Max date = 2023-04-25 23:00:00
2023-04-24 21:39:51 - DataIngestion - INFO - Total Rows in dataframe = 2016
2023-04-24 21:39:51 - DataIngestion - INFO - Ingestion completed
2023-04-24 21:39:51 - DataIngestion - INFO - Loading E-Redes Consumption Profile file= ../ERedes_profiles/E-REDES_Perfil_Consumo_2023_mod.xlsx
2023-04-24 21:40:53 - DataIngestion - INFO - OMIE Data - Start file Ingestion on folder: /Users/pedrosantos/Documents/Code Projects/inovCode/OmieData/omie-server/../OMIE_Data/
2023-04-24 21:40:53 - DataIngestion - INFO - Total Files Ingested = 85
2023-04-24 21:40:53 - DataIngestion - INFO - Min date = 2023-02-01 00:00:00
2023-04-24 21:40:53 - DataIngestion - INFO - Max date = 2023-04-25 23:00:00
2023-04-24 21:40:53 - DataIngestion - INFO - Total Rows in dataframe = 2016
2023-04-24 21:40:53 - DataIngestion - INFO - Ingestion completed
2023-04-24 21:40:53 - DataIngestion - INFO - Loading E-Redes Consumption Profile file= /Users/pedrosantos/Documents/Code Projects/inovCode/OmieData/omie-server/../ERedes_profiles/E-REDES_Perfil_Consumo_2023_mod.xlsx
2023-04-24 21:40:59 - DataIngestion - INFO - Loading E-Redes Losses Profile file= /Users/pedrosantos/Documents/Code Projects/inovCode/OmieData/omie-server/../ERedes_profiles/E-REDES_Perfil_Perdas_2023_mod.xlsx
2023-04-24 21:41:06 - DataIngestion - INFO - OMIE Data - Start file Ingestion on folder: /Users/pedrosantos/Documents/Code Projects/inovCode/OmieData/omie-server/../OMIE_Data/
2023-04-24 21:41:06 - DataIngestion - INFO - Total Files Ingested = 85
2023-04-24 21:41:06 - DataIngestion - INFO - Min date = 2023-02-01 00:00:00
2023-04-24 21:41:06 - DataIngestion - INFO - Max date = 2023-04-25 23:00:00
2023-04-24 21:41:06 - DataIngestion - INFO - Total Rows in dataframe = 2016
2023-04-24 21:41:06 - DataIngestion - INFO - Ingestion completed
2023-04-24 21:41:06 - DataIngestion - INFO - Loading E-Redes Consumption Profile file= /Users/pedrosantos/Documents/Code Projects/inovCode/OmieData/omie-server/../ERedes_profiles/E-REDES_Perfil_Consumo_2023_mod.xlsx
2023-04-24 21:41:12 - DataIngestion - INFO - Loading E-Redes Losses Profile file= /Users/pedrosantos/Documents/Code Projects/inovCode/OmieData/omie-server/../ERedes_profiles/E-REDES_Perfil_Perdas_2023_mod.xlsx
2023-04-24 21:41:45 - DataIngestion - INFO - OMIE Data - Start file Ingestion on folder: /Users/pedrosantos/Documents/Code Projects/inovCode/OmieData/omie-server/../OMIE_Data/
2023-04-24 21:41:45 - DataIngestion - INFO - Total Files Ingested = 85
2023-04-24 21:41:45 - DataIngestion - INFO - Min date = 2023-02-01 00:00:00
2023-04-24 21:41:45 - DataIngestion - INFO - Max date = 2023-04-25 23:00:00
2023-04-24 21:41:45 - DataIngestion - INFO - Total Rows in dataframe = 2016
2023-04-24 21:41:45 - DataIngestion - INFO - Ingestion completed
2023-04-24 21:41:45 - DataIngestion - INFO - Loading E-Redes Consumption Profile file= /Users/pedrosantos/Documents/Code Projects/inovCode/OmieData/omie-server/../ERedes_profiles/E-REDES_Perfil_Consumo_2023_mod.xlsx
2023-04-24 21:41:51 - DataIngestion - INFO - Loading E-Redes Losses Profile file= /Users/pedrosantos/Documents/Code Projects/inovCode/OmieData/omie-server/../ERedes_profiles/E-REDES_Perfil_Perdas_2023_mod.xlsx
2023-04-24 21:42:02 - DataIngestion - INFO - OMIE Data - Start file Ingestion on folder: /Users/pedrosantos/Documents/Code Projects/inovCode/OmieData/omie-server/../OMIE_Data/
2023-04-24 21:42:02 - DataIngestion - INFO - Total Files Ingested = 85
2023-04-24 21:42:02 - DataIngestion - INFO - Min date = 2023-02-01 00:00:00
2023-04-24 21:42:02 - DataIngestion - INFO - Max date = 2023-04-25 23:00:00
2023-04-24 21:42:02 - DataIngestion - INFO - Total Rows in dataframe = 2016
2023-04-24 21:42:02 - DataIngestion - INFO - Ingestion completed
2023-04-24 21:42:02 - DataIngestion - INFO - Loading E-Redes Consumption Profile file= /Users/pedrosantos/Documents/Code Projects/inovCode/OmieData/omie-server/../ERedes_profiles/E-REDES_Perfil_Consumo_2023_mod.xlsx
2023-04-24 21:42:08 - DataIngestion - INFO - Loading E-Redes Losses Profile file= /Users/pedrosantos/Documents/Code Projects/inovCode/OmieData/omie-server/../ERedes_profiles/E-REDES_Perfil_Perdas_2023_mod.xlsx
2023-04-24 21:45:00 - DataIngestion - INFO - OMIE Data - Start file Ingestion on folder: /Users/pedrosantos/Documents/Code Projects/inovCode/OmieData/omie-server/../OMIE_Data/
2023-04-24 21:45:00 - DataIngestion - INFO - Total Files Ingested = 85
2023-04-24 21:45:00 - DataIngestion - INFO - Min date = 2023-02-01 00:00:00
2023-04-24 21:45:00 - DataIngestion - INFO - Max date = 2023-04-25 23:00:00
2023-04-24 21:45:00 - DataIngestion - INFO - Total Rows in dataframe = 2016
2023-04-24 21:45:00 - DataIngestion - INFO - Ingestion completed
2023-04-24 21:45:00 - DataIngestion - INFO - Loading E-Redes Consumption Profile file= /Users/pedrosantos/Documents/Code Projects/inovCode/OmieData/omie-server/../ERedes_profiles/E-REDES_Perfil_Consumo_2023_mod.xlsx
2023-04-24 21:45:06 - DataIngestion - INFO - Loading E-Redes Losses Profile file= /Users/pedrosantos/Documents/Code Projects/inovCode/OmieData/omie-server/../ERedes_profiles/E-REDES_Perfil_Perdas_2023_mod.xlsx
2023-04-24 21:48:44 - DataIngestion - INFO - OMIE Data - Start file Ingestion on folder: /Users/pedrosantos/Documents/Code Projects/inovCode/OmieData/omie-server/../OMIE_Data/
2023-04-24 21:48:44 - DataIngestion - INFO - Total Files Ingested = 85
2023-04-24 21:48:44 - DataIngestion - INFO - Min date = 2023-02-01 00:00:00
2023-04-24 21:48:44 - DataIngestion - INFO - Max date = 2023-04-25 23:00:00
2023-04-24 21:48:44 - DataIngestion - INFO - Total Rows in dataframe = 2016
2023-04-24 21:48:44 - DataIngestion - INFO - Ingestion completed
2023-04-24 21:48:44 - DataIngestion - INFO - Loading E-Redes Consumption Profile file= /Users/pedrosantos/Documents/Code Projects/inovCode/OmieData/omie-server/../ERedes_profiles/E-REDES_Perfil_Consumo_2023_mod.xlsx
2023-04-24 21:48:50 - DataIngestion - INFO - Loading E-Redes Losses Profile file= /Users/pedrosantos/Documents/Code Projects/inovCode/OmieData/omie-server/../ERedes_profiles/E-REDES_Perfil_Perdas_2023_mod.xlsx
2023-04-25 12:30:07 - DataIngestion - INFO - OMIE Data - Start file Ingestion on folder: /Users/pedrosantos/Documents/Code Projects/inovCode/OmieData/omie-server/../OMIE_Data/
2023-04-25 12:30:07 - DataIngestion - INFO - Total Files Ingested = 85
2023-04-25 12:30:07 - DataIngestion - INFO - Min date = 2023-02-01 00:00:00
2023-04-25 12:30:07 - DataIngestion - INFO - Max date = 2023-04-25 23:00:00
2023-04-25 12:30:07 - DataIngestion - INFO - Total Rows in dataframe = 2016
2023-04-25 12:30:07 - DataIngestion - INFO - Ingestion completed
2023-04-25 12:30:07 - DataIngestion - INFO - Loading E-Redes Consumption Profile file= /Users/pedrosantos/Documents/Code Projects/inovCode/OmieData/omie-server/../ERedes_profiles/E-REDES_Perfil_Consumo_2023_mod.xlsx
2023-04-25 12:30:14 - DataIngestion - INFO - Loading E-Redes Losses Profile file= /Users/pedrosantos/Documents/Code Projects/inovCode/OmieData/omie-server/../ERedes_profiles/E-REDES_Perfil_Perdas_2023_mod.xlsx
2023-04-25 12:30:29 - DataIngestion - INFO - OMIE Data - Start file Ingestion on folder: /Users/pedrosantos/Documents/Code Projects/inovCode/OmieData/omie-server/../OMIE_Data/
2023-04-25 12:30:29 - DataIngestion - INFO - Total Files Ingested = 85
2023-04-25 12:30:29 - DataIngestion - INFO - Min date = 2023-02-01 00:00:00
2023-04-25 12:30:29 - DataIngestion - INFO - Max date = 2023-04-25 23:00:00
2023-04-25 12:30:29 - DataIngestion - INFO - Total Rows in dataframe = 2016
2023-04-25 12:30:29 - DataIngestion - INFO - Ingestion completed
2023-04-25 13:10:26 - DataIngestion - INFO - OMIE Data - Start file Ingestion on folder: /Users/pedrosantos/Documents/Code Projects/inovCode/OmieData/omie-server/../OMIE_Data/
2023-04-25 13:10:27 - DataIngestion - INFO - Total Files Ingested = 85
2023-04-25 13:10:27 - DataIngestion - INFO - Min date = 2023-02-01 00:00:00
2023-04-25 13:10:27 - DataIngestion - INFO - Max date = 2023-04-25 23:00:00
2023-04-25 13:10:27 - DataIngestion - INFO - Total Rows in dataframe = 2016
2023-04-25 13:10:27 - DataIngestion - INFO - Ingestion completed
2023-04-25 13:10:27 - DataIngestion - INFO - Loading E-Redes Consumption Profile file= /Users/pedrosantos/Documents/Code Projects/inovCode/OmieData/omie-server/../ERedes_profiles/E-REDES_Perfil_Consumo_2023_mod.xlsx
2023-04-25 13:10:33 - DataIngestion - INFO - Loading E-Redes Losses Profile file= /Users/pedrosantos/Documents/Code Projects/inovCode/OmieData/omie-server/../ERedes_profiles/E-REDES_Perfil_Perdas_2023_mod.xlsx
2023-04-25 13:17:19 - DataIngestion - INFO - OMIE Data - Start file Ingestion on folder: /Users/pedrosantos/Documents/Code Projects/inovCode/OmieData/omie-server/../OMIE_Data/
2023-04-25 13:17:19 - DataIngestion - INFO - Total Files Ingested = 86
2023-04-25 13:17:19 - DataIngestion - INFO - Min date = 2023-02-01 00:00:00
2023-04-25 13:17:19 - DataIngestion - INFO - Max date = 2023-04-26 23:00:00
2023-04-25 13:17:19 - DataIngestion - INFO - Total Rows in dataframe = 2040
2023-04-25 13:17:19 - DataIngestion - INFO - Ingestion completed
2023-04-25 13:20:15 - DataIngestion - INFO - OMIE Data - Start file Ingestion on folder: /Users/pedrosantos/Documents/Code Projects/inovCode/OmieData/omie-server/../OMIE_Data/
2023-04-25 13:20:16 - DataIngestion - INFO - Total Files Ingested = 86
2023-04-25 13:20:16 - DataIngestion - INFO - Min date = 2023-02-01 00:00:00
2023-04-25 13:20:16 - DataIngestion - INFO - Max date = 2023-04-26 23:00:00
2023-04-25 13:20:16 - DataIngestion - INFO - Total Rows in dataframe = 2040
2023-04-25 13:20:16 - DataIngestion - INFO - Ingestion completed
2023-04-25 13:20:16 - DataIngestion - INFO - Loading E-Redes Consumption Profile file= /Users/pedrosantos/Documents/Code Projects/inovCode/OmieData/omie-server/../ERedes_profiles/E-REDES_Perfil_Consumo_2023_mod.xlsx
2023-04-25 13:20:22 - DataIngestion - INFO - Loading E-Redes Losses Profile file= /Users/pedrosantos/Documents/Code Projects/inovCode/OmieData/omie-server/../ERedes_profiles/E-REDES_Perfil_Perdas_2023_mod.xlsx
2023-04-25 13:22:35 - DataIngestion - INFO - OMIE Data - Start file Ingestion on folder: /Users/pedrosantos/Documents/Code Projects/inovCode/OmieData/omie-server/../OMIE_Data/
2023-04-25 13:22:35 - DataIngestion - INFO - Total Files Ingested = 86
2023-04-25 13:22:35 - DataIngestion - INFO - Min date = 2023-02-01 00:00:00
2023-04-25 13:22:35 - DataIngestion - INFO - Max date = 2023-04-26 23:00:00
2023-04-25 13:22:35 - DataIngestion - INFO - Total Rows in dataframe = 2040
2023-04-25 13:22:35 - DataIngestion - INFO - Ingestion completed
2023-04-25 13:22:35 - DataIngestion - INFO - Loading E-Redes Consumption Profile file= /Users/pedrosantos/Documents/Code Projects/inovCode/OmieData/omie-server/../ERedes_profiles/E-REDES_Perfil_Consumo_2023_mod.xlsx
2023-04-25 13:22:41 - DataIngestion - INFO - Loading E-Redes Losses Profile file= /Users/pedrosantos/Documents/Code Projects/inovCode/OmieData/omie-server/../ERedes_profiles/E-REDES_Perfil_Perdas_2023_mod.xlsx
2023-04-25 13:45:14 - DataIngestion - INFO - OMIE Data - Start file Ingestion on folder: /Users/pedrosantos/Documents/Code Projects/inovCode/OmieData/omie-server/../OMIE_Data/
2023-04-25 13:45:14 - DataIngestion - INFO - Total Files Ingested = 86
2023-04-25 13:45:14 - DataIngestion - INFO - Min date = 2023-02-01 00:00:00
2023-04-25 13:45:14 - DataIngestion - INFO - Max date = 2023-04-26 23:00:00
2023-04-25 13:45:14 - DataIngestion - INFO - Total Rows in dataframe = 2040
2023-04-25 13:45:14 - DataIngestion - INFO - Ingestion completed
2023-04-25 13:45:14 - DataIngestion - INFO - Loading E-Redes Consumption Profile file= /Users/pedrosantos/Documents/Code Projects/inovCode/OmieData/omie-server/../ERedes_profiles/E-REDES_Perfil_Consumo_2023_mod.xlsx
2023-04-25 13:45:20 - DataIngestion - INFO - Loading E-Redes Losses Profile file= /Users/pedrosantos/Documents/Code Projects/inovCode/OmieData/omie-server/../ERedes_profiles/E-REDES_Perfil_Perdas_2023_mod.xlsx
2023-04-25 13:52:28 - DataIngestion - INFO - OMIE Data - Start file Ingestion on folder: /Users/pedrosantos/Documents/Code Projects/inovCode/OmieData/omie-server/../OMIE_Data/
2023-04-25 13:52:28 - DataIngestion - INFO - Total Files Ingested = 86
2023-04-25 13:52:28 - DataIngestion - INFO - Min date = 2023-02-01 00:00:00
2023-04-25 13:52:28 - DataIngestion - INFO - Max date = 2023-04-26 23:00:00
2023-04-25 13:52:28 - DataIngestion - INFO - Total Rows in dataframe = 2040
2023-04-25 13:52:28 - DataIngestion - INFO - Ingestion completed
2023-04-25 13:52:28 - DataIngestion - INFO - Loading E-Redes Consumption Profile file= /Users/pedrosantos/Documents/Code Projects/inovCode/OmieData/omie-server/../ERedes_profiles/E-REDES_Perfil_Consumo_2023_mod.xlsx
2023-04-25 13:52:34 - DataIngestion - INFO - Loading E-Redes Losses Profile file= /Users/pedrosantos/Documents/Code Projects/inovCode/OmieData/omie-server/../ERedes_profiles/E-REDES_Perfil_Perdas_2023_mod.xlsx
2023-04-25 13:56:28 - DataIngestion - INFO - OMIE Data - Start file Ingestion on folder: /Users/pedrosantos/Documents/Code Projects/inovCode/OmieData/omie-server/../OMIE_Data/
2023-04-25 13:56:28 - DataIngestion - INFO - Total Files Ingested = 86
2023-04-25 13:56:28 - DataIngestion - INFO - Min date = 2023-02-01 00:00:00
2023-04-25 13:56:28 - DataIngestion - INFO - Max date = 2023-04-26 23:00:00
2023-04-25 13:56:28 - DataIngestion - INFO - Total Rows in dataframe = 2040
2023-04-25 13:56:28 - DataIngestion - INFO - Ingestion completed
2023-04-25 13:56:28 - DataIngestion - INFO - Loading E-Redes Consumption Profile file= /Users/pedrosantos/Documents/Code Projects/inovCode/OmieData/omie-server/../ERedes_profiles/E-REDES_Perfil_Consumo_2023_mod.xlsx
2023-04-25 13:56:34 - DataIngestion - INFO - Loading E-Redes Losses Profile file= /Users/pedrosantos/Documents/Code Projects/inovCode/OmieData/omie-server/../ERedes_profiles/E-REDES_Perfil_Perdas_2023_mod.xlsx
2023-04-25 14:00:24 - DataIngestion - INFO - OMIE Data - Start file Ingestion on folder: /Users/pedrosantos/Documents/Code Projects/inovCode/OmieData/omie-server/../OMIE_Data/
2023-04-25 14:00:24 - DataIngestion - INFO - Total Files Ingested = 86
2023-04-25 14:00:24 - DataIngestion - INFO - Min date = 2023-02-01 00:00:00
2023-04-25 14:00:24 - DataIngestion - INFO - Max date = 2023-04-26 23:00:00
2023-04-25 14:00:24 - DataIngestion - INFO - Total Rows in dataframe = 2040
2023-04-25 14:00:24 - DataIngestion - INFO - Ingestion completed
2023-04-25 14:00:24 - DataIngestion - INFO - Loading E-Redes Consumption Profile file= /Users/pedrosantos/Documents/Code Projects/inovCode/OmieData/omie-server/../ERedes_profiles/E-REDES_Perfil_Consumo_2023_mod.xlsx
2023-04-25 14:00:30 - DataIngestion - INFO - Loading E-Redes Losses Profile file= /Users/pedrosantos/Documents/Code Projects/inovCode/OmieData/omie-server/../ERedes_profiles/E-REDES_Perfil_Perdas_2023_mod.xlsx
2023-04-25 14:01:44 - DataIngestion - INFO - OMIE Data - Start file Ingestion on folder: /Users/pedrosantos/Documents/Code Projects/inovCode/OmieData/omie-server/../OMIE_Data/
2023-04-25 14:01:44 - DataIngestion - INFO - Total Files Ingested = 86
2023-04-25 14:01:44 - DataIngestion - INFO - Min date = 2023-02-01 00:00:00
2023-04-25 14:01:44 - DataIngestion - INFO - Max date = 2023-04-26 23:00:00
2023-04-25 14:01:44 - DataIngestion - INFO - Total Rows in dataframe = 2040
2023-04-25 14:01:44 - DataIngestion - INFO - Ingestion completed
2023-04-25 14:01:44 - DataIngestion - INFO - Loading E-Redes Consumption Profile file= /Users/pedrosantos/Documents/Code Projects/inovCode/OmieData/omie-server/../ERedes_profiles/E-REDES_Perfil_Consumo_2023_mod.xlsx
2023-04-25 14:01:50 - DataIngestion - INFO - Loading E-Redes Losses Profile file= /Users/pedrosantos/Documents/Code Projects/inovCode/OmieData/omie-server/../ERedes_profiles/E-REDES_Perfil_Perdas_2023_mod.xlsx
2023-04-25 15:04:06 - DataIngestion - INFO - get_EOT_Data: Fetching data from EOT API. Results: 1, Channel: iap_diff
2023-04-25 15:04:06 - DataIngestion - ERROR - Failed to fetch data from API. Status code: 200
2023-04-25 15:05:14 - DataIngestion - INFO - get_EOT_Data: Fetching data from EOT API. Results: 1, Channel: iap_diff
2023-04-25 15:06:04 - DataIngestion - ERROR - Failed to fetch data from API. Status code: 200
2023-04-25 15:36:16 - DataIngestion - INFO - OMIE Data - Start file Ingestion on folder: /Users/pedrosantos/Documents/Code Projects/inovCode/OmieData/omie-server/../OMIE_Data/
2023-04-25 15:36:16 - DataIngestion - INFO - Total Files Ingested = 86
2023-04-25 15:36:16 - DataIngestion - INFO - Min date = 2023-02-01 00:00:00
2023-04-25 15:36:16 - DataIngestion - INFO - Max date = 2023-04-26 23:00:00
2023-04-25 15:36:16 - DataIngestion - INFO - Total Rows in dataframe = 2040
2023-04-25 15:36:16 - DataIngestion - INFO - Ingestion completed
2023-04-25 15:36:16 - DataIngestion - INFO - Loading E-Redes Consumption Profile file= /Users/pedrosantos/Documents/Code Projects/inovCode/OmieData/omie-server/../ERedes_profiles/E-REDES_Perfil_Consumo_2023_mod.xlsx
2023-04-25 15:36:22 - DataIngestion - INFO - Loading E-Redes Losses Profile file= /Users/pedrosantos/Documents/Code Projects/inovCode/OmieData/omie-server/../ERedes_profiles/E-REDES_Perfil_Perdas_2023_mod.xlsx
2023-04-25 15:37:08 - DataIngestion - INFO - OMIE Data - Start file Ingestion on folder: /Users/pedrosantos/Documents/Code Projects/inovCode/OmieData/omie-server/../OMIE_Data/
2023-04-25 15:37:08 - DataIngestion - INFO - Total Files Ingested = 86
2023-04-25 15:37:08 - DataIngestion - INFO - Min date = 2023-02-01 00:00:00
2023-04-25 15:37:08 - DataIngestion - INFO - Max date = 2023-04-26 23:00:00
2023-04-25 15:37:08 - DataIngestion - INFO - Total Rows in dataframe = 2040
2023-04-25 15:37:08 - DataIngestion - INFO - Ingestion completed
2023-04-25 15:37:08 - DataIngestion - INFO - Loading E-Redes Consumption Profile file= /Users/pedrosantos/Documents/Code Projects/inovCode/OmieData/omie-server/../ERedes_profiles/E-REDES_Perfil_Consumo_2023_mod.xlsx
2023-04-25 15:37:14 - DataIngestion - INFO - Loading E-Redes Losses Profile file= /Users/pedrosantos/Documents/Code Projects/inovCode/OmieData/omie-server/../ERedes_profiles/E-REDES_Perfil_Perdas_2023_mod.xlsx
2023-04-25 15:37:42 - DataIngestion - INFO - OMIE Data - Start file Ingestion on folder: /Users/pedrosantos/Documents/Code Projects/inovCode/OmieData/omie-server/../OMIE_Data/
2023-04-25 15:37:42 - DataIngestion - INFO - Total Files Ingested = 86
2023-04-25 15:37:42 - DataIngestion - INFO - Min date = 2023-02-01 00:00:00
2023-04-25 15:37:42 - DataIngestion - INFO - Max date = 2023-04-26 23:00:00
2023-04-25 15:37:42 - DataIngestion - INFO - Total Rows in dataframe = 2040
2023-04-25 15:37:42 - DataIngestion - INFO - Ingestion completed
2023-04-25 15:37:42 - DataIngestion - INFO - Loading E-Redes Consumption Profile file= /Users/pedrosantos/Documents/Code Projects/inovCode/OmieData/omie-server/../ERedes_profiles/E-REDES_Perfil_Consumo_2023_mod.xlsx
2023-04-25 15:37:48 - DataIngestion - INFO - Loading E-Redes Losses Profile file= /Users/pedrosantos/Documents/Code Projects/inovCode/OmieData/omie-server/../ERedes_profiles/E-REDES_Perfil_Perdas_2023_mod.xlsx
2023-04-25 15:46:38 - DataIngestion - INFO - OMIE Data - Start file Ingestion on folder: /Users/pedrosantos/Documents/Code Projects/inovCode/OmieData/omie-server/../OMIE_Data/
2023-04-25 15:46:38 - DataIngestion - INFO - Total Files Ingested = 86
2023-04-25 15:46:38 - DataIngestion - INFO - Min date = 2023-02-01 00:00:00
2023-04-25 15:46:38 - DataIngestion - INFO - Max date = 2023-04-26 23:00:00
2023-04-25 15:46:38 - DataIngestion - INFO - Total Rows in dataframe = 2040
2023-04-25 15:46:38 - DataIngestion - INFO - Ingestion completed
2023-04-25 15:46:38 - DataIngestion - INFO - Loading E-Redes Consumption Profile file= /Users/pedrosantos/Documents/Code Projects/inovCode/OmieData/omie-server/../ERedes_profiles/E-REDES_Perfil_Consumo_2023_mod.xlsx
2023-04-25 15:46:44 - DataIngestion - INFO - Loading E-Redes Losses Profile file= /Users/pedrosantos/Documents/Code Projects/inovCode/OmieData/omie-server/../ERedes_profiles/E-REDES_Perfil_Perdas_2023_mod.xlsx
2023-04-25 15:55:01 - DataIngestion - INFO - OMIE Data - Start file Ingestion on folder: /Users/pedrosantos/Documents/Code Projects/inovCode/OmieData/omie-server/../OMIE_Data/
2023-04-25 15:55:01 - DataIngestion - INFO - Total Files Ingested = 86
2023-04-25 15:55:01 - DataIngestion - INFO - Min date = 2023-02-01 00:00:00
2023-04-25 15:55:01 - DataIngestion - INFO - Max date = 2023-04-26 23:00:00
2023-04-25 15:55:01 - DataIngestion - INFO - Total Rows in dataframe = 2040
2023-04-25 15:55:01 - DataIngestion - INFO - Ingestion completed
2023-04-25 15:55:01 - DataIngestion - INFO - Loading E-Redes Consumption Profile file= /Users/pedrosantos/Documents/Code Projects/inovCode/OmieData/omie-server/../ERedes_profiles/E-REDES_Perfil_Consumo_2023_mod.xlsx
2023-04-25 15:55:07 - DataIngestion - INFO - Loading E-Redes Losses Profile file= /Users/pedrosantos/Documents/Code Projects/inovCode/OmieData/omie-server/../ERedes_profiles/E-REDES_Perfil_Perdas_2023_mod.xlsx
2023-04-25 16:06:58 - DataIngestion - INFO - OMIE Data - Start file Ingestion on folder: /Users/pedrosantos/Documents/Code Projects/inovCode/OmieData/omie-server/../OMIE_Data/
2023-04-25 16:06:58 - DataIngestion - INFO - Total Files Ingested = 86
2023-04-25 16:06:58 - DataIngestion - INFO - Min date = 2023-02-01 00:00:00
2023-04-25 16:06:58 - DataIngestion - INFO - Max date = 2023-04-26 23:00:00
2023-04-25 16:06:58 - DataIngestion - INFO - Total Rows in dataframe = 2040
2023-04-25 16:06:58 - DataIngestion - INFO - Ingestion completed
2023-04-25 16:06:58 - DataIngestion - INFO - Loading E-Redes Consumption Profile file= /Users/pedrosantos/Documents/Code Projects/inovCode/OmieData/omie-server/../ERedes_profiles/E-REDES_Perfil_Consumo_2023_mod.xlsx
2023-04-25 16:07:04 - DataIngestion - INFO - Loading E-Redes Losses Profile file= /Users/pedrosantos/Documents/Code Projects/inovCode/OmieData/omie-server/../ERedes_profiles/E-REDES_Perfil_Perdas_2023_mod.xlsx
2023-04-25 16:36:46 - DataIngestion - INFO - OMIE Data - Start file Ingestion on folder: /Users/pedrosantos/Documents/Code Projects/inovCode/OmieData/omie-server/../OMIE_Data/
2023-04-25 16:36:46 - DataIngestion - INFO - Total Files Ingested = 86
2023-04-25 16:36:46 - DataIngestion - INFO - Min date = 2023-02-01 00:00:00
2023-04-25 16:36:46 - DataIngestion - INFO - Max date = 2023-04-26 23:00:00
2023-04-25 16:36:46 - DataIngestion - INFO - Total Rows in dataframe = 2040
2023-04-25 16:36:46 - DataIngestion - INFO - Ingestion completed
2023-04-25 16:36:46 - DataIngestion - INFO - Loading E-Redes Consumption Profile file= /Users/pedrosantos/Documents/Code Projects/inovCode/OmieData/omie-server/../ERedes_profiles/E-REDES_Perfil_Consumo_2023_mod.xlsx
2023-04-25 16:36:52 - DataIngestion - INFO - Loading E-Redes Losses Profile file= /Users/pedrosantos/Documents/Code Projects/inovCode/OmieData/omie-server/../ERedes_profiles/E-REDES_Perfil_Perdas_2023_mod.xlsx
2023-04-25 16:38:04 - DataIngestion - INFO - OMIE Data - Start file Ingestion on folder: /Users/pedrosantos/Documents/Code Projects/inovCode/OmieData/omie-server/../OMIE_Data/
2023-04-25 16:38:04 - DataIngestion - INFO - Total Files Ingested = 86
2023-04-25 16:38:04 - DataIngestion - INFO - Min date = 2023-02-01 00:00:00
2023-04-25 16:38:04 - DataIngestion - INFO - Max date = 2023-04-26 23:00:00
2023-04-25 16:38:04 - DataIngestion - INFO - Total Rows in dataframe = 2040
2023-04-25 16:38:04 - DataIngestion - INFO - Ingestion completed
2023-04-25 16:38:04 - DataIngestion - INFO - Loading E-Redes Consumption Profile file= /Users/pedrosantos/Documents/Code Projects/inovCode/OmieData/omie-server/../ERedes_profiles/E-REDES_Perfil_Consumo_2023_mod.xlsx
2023-04-25 16:38:10 - DataIngestion - INFO - Loading E-Redes Losses Profile file= /Users/pedrosantos/Documents/Code Projects/inovCode/OmieData/omie-server/../ERedes_profiles/E-REDES_Perfil_Perdas_2023_mod.xlsx
2023-04-25 16:39:10 - DataIngestion - INFO - OMIE Data - Start file Ingestion on folder: /Users/pedrosantos/Documents/Code Projects/inovCode/OmieData/omie-server/../OMIE_Data/
2023-04-25 16:39:10 - DataIngestion - INFO - Total Files Ingested = 86
2023-04-25 16:39:10 - DataIngestion - INFO - Min date = 2023-02-01 00:00:00
2023-04-25 16:39:10 - DataIngestion - INFO - Max date = 2023-04-26 23:00:00
2023-04-25 16:39:10 - DataIngestion - INFO - Total Rows in dataframe = 2040
2023-04-25 16:39:10 - DataIngestion - INFO - Ingestion completed
2023-04-25 16:39:10 - DataIngestion - INFO - Loading E-Redes Consumption Profile file= /Users/pedrosantos/Documents/Code Projects/inovCode/OmieData/omie-server/../ERedes_profiles/E-REDES_Perfil_Consumo_2023_mod.xlsx
2023-04-25 16:39:16 - DataIngestion - INFO - Loading E-Redes Losses Profile file= /Users/pedrosantos/Documents/Code Projects/inovCode/OmieData/omie-server/../ERedes_profiles/E-REDES_Perfil_Perdas_2023_mod.xlsx
2023-04-25 16:40:07 - DataIngestion - INFO - OMIE Data - Start file Ingestion on folder: /Users/pedrosantos/Documents/Code Projects/inovCode/OmieData/omie-server/../OMIE_Data/
2023-04-25 16:40:08 - DataIngestion - INFO - Total Files Ingested = 86
2023-04-25 16:40:08 - DataIngestion - INFO - Min date = 2023-02-01 00:00:00
2023-04-25 16:40:08 - DataIngestion - INFO - Max date = 2023-04-26 23:00:00
2023-04-25 16:40:08 - DataIngestion - INFO - Total Rows in dataframe = 2040
2023-04-25 16:40:08 - DataIngestion - INFO - Ingestion completed
2023-04-25 16:40:08 - DataIngestion - INFO - Loading E-Redes Consumption Profile file= /Users/pedrosantos/Documents/Code Projects/inovCode/OmieData/omie-server/../ERedes_profiles/E-REDES_Perfil_Consumo_2023_mod.xlsx
2023-04-25 16:40:13 - DataIngestion - INFO - Loading E-Redes Losses Profile file= /Users/pedrosantos/Documents/Code Projects/inovCode/OmieData/omie-server/../ERedes_profiles/E-REDES_Perfil_Perdas_2023_mod.xlsx
2023-04-26 13:00:08 - DataIngestion - INFO - OMIE Data - Start file Ingestion on folder: /Users/pedrosantos/Documents/Code Projects/inovCode/OmieData/omie-server/../OMIE_Data/
2023-04-26 13:00:08 - DataIngestion - INFO - Total Files Ingested = 87
2023-04-26 13:00:08 - DataIngestion - INFO - Min date = 2023-02-01 00:00:00
2023-04-26 13:00:08 - DataIngestion - INFO - Max date = 2023-04-27 23:00:00
2023-04-26 13:00:08 - DataIngestion - INFO - Total Rows in dataframe = 2064
2023-04-26 13:00:08 - DataIngestion - INFO - Ingestion completed
2023-04-26 13:00:09 - DataIngestion - INFO - OMIE Data - Start file Ingestion on folder: /Users/pedrosantos/Documents/Code Projects/inovCode/OmieData/omie-server/../OMIE_Data/
2023-04-26 13:00:09 - DataIngestion - INFO - Total Files Ingested = 87
2023-04-26 13:00:09 - DataIngestion - INFO - Min date = 2023-02-01 00:00:00
2023-04-26 13:00:09 - DataIngestion - INFO - Max date = 2023-04-27 23:00:00
2023-04-26 13:00:09 - DataIngestion - INFO - Total Rows in dataframe = 2064
2023-04-26 13:00:09 - DataIngestion - INFO - Ingestion completed
2023-04-26 13:53:13 - DataIngestion - INFO - OMIE Data - Start file Ingestion on folder: /Users/pedrosantos/Documents/Code Projects/inovCode/OmieData/omie-server/../OMIE_Data/
2023-04-26 13:53:13 - DataIngestion - INFO - Total Files Ingested = 87
2023-04-26 13:53:13 - DataIngestion - INFO - Min date = 2023-02-01 00:00:00
2023-04-26 13:53:13 - DataIngestion - INFO - Max date = 2023-04-27 23:00:00
2023-04-26 13:53:13 - DataIngestion - INFO - Total Rows in dataframe = 2064
2023-04-26 13:53:13 - DataIngestion - INFO - Ingestion completed
2023-04-26 13:53:13 - DataIngestion - INFO - Loading E-Redes Consumption Profile file= /Users/pedrosantos/Documents/Code Projects/inovCode/OmieData/omie-server/../ERedes_profiles/E-REDES_Perfil_Consumo_2023_mod.xlsx
2023-04-26 13:53:19 - DataIngestion - INFO - Loading E-Redes Losses Profile file= /Users/pedrosantos/Documents/Code Projects/inovCode/OmieData/omie-server/../ERedes_profiles/E-REDES_Perfil_Perdas_2023_mod.xlsx
2023-04-26 13:56:54 - DataIngestion - INFO - OMIE Data - Start file Ingestion on folder: /Users/pedrosantos/Documents/Code Projects/inovCode/OmieData/omie-server/../OMIE_Data/
2023-04-26 13:56:55 - DataIngestion - INFO - Total Files Ingested = 87
2023-04-26 13:56:55 - DataIngestion - INFO - Min date = 2023-02-01 00:00:00
2023-04-26 13:56:55 - DataIngestion - INFO - Max date = 2023-04-27 23:00:00
2023-04-26 13:56:55 - DataIngestion - INFO - Total Rows in dataframe = 2064
2023-04-26 13:56:55 - DataIngestion - INFO - Ingestion completed
2023-04-26 13:56:55 - DataIngestion - INFO - Loading E-Redes Consumption Profile file= /Users/pedrosantos/Documents/Code Projects/inovCode/OmieData/omie-server/../ERedes_profiles/E-REDES_Perfil_Consumo_2023_mod.xlsx
2023-04-26 13:57:06 - DataIngestion - INFO - OMIE Data - Start file Ingestion on folder: /Users/pedrosantos/Documents/Code Projects/inovCode/OmieData/omie-server/../OMIE_Data/
2023-04-26 13:57:06 - DataIngestion - INFO - Total Files Ingested = 87
2023-04-26 13:57:06 - DataIngestion - INFO - Min date = 2023-02-01 00:00:00
2023-04-26 13:57:06 - DataIngestion - INFO - Max date = 2023-04-27 23:00:00
2023-04-26 13:57:06 - DataIngestion - INFO - Total Rows in dataframe = 2064
2023-04-26 13:57:06 - DataIngestion - INFO - Ingestion completed
2023-04-26 13:57:06 - DataIngestion - INFO - Loading E-Redes Consumption Profile file= /Users/pedrosantos/Documents/Code Projects/inovCode/OmieData/omie-server/../ERedes_profiles/E-REDES_Perfil_Consumo_2023_mod.xlsx
2023-04-26 13:57:12 - DataIngestion - INFO - Loading E-Redes Losses Profile file= /Users/pedrosantos/Documents/Code Projects/inovCode/OmieData/omie-server/../ERedes_profiles/E-REDES_Perfil_Perdas_2023_mod.xlsx
2023-04-26 14:01:05 - DataIngestion - INFO - get_EOT_Data: Fetching data from EOT API. Results: 1, Channel: iap_diff
2023-04-26 14:01:06 - DataIngestion - INFO - get_EOT_Data: Fetching data from EOT API. Results: 53, Channel: tiae
2023-04-26 14:01:36 - DataIngestion - INFO - get_EOT_Data: Fetching data from EOT API. Results: 1, Channel: iap_diff
2023-04-26 14:01:37 - DataIngestion - INFO - get_EOT_Data: Fetching data from EOT API. Results: 53, Channel: tiae
2023-04-26 14:02:36 - DataIngestion - INFO - get_EOT_Data: Fetching data from EOT API. Results: 1, Channel: iap_diff
2023-04-26 14:02:37 - DataIngestion - INFO - get_EOT_Data: Fetching data from EOT API. Results: 53, Channel: tiae
2023-04-26 14:03:36 - DataIngestion - INFO - get_EOT_Data: Fetching data from EOT API. Results: 1, Channel: iap_diff
2023-04-26 14:03:37 - DataIngestion - INFO - get_EOT_Data: Fetching data from EOT API. Results: 53, Channel: tiae
2023-04-26 14:04:36 - DataIngestion - INFO - get_EOT_Data: Fetching data from EOT API. Results: 1, Channel: iap_diff
2023-04-26 14:04:37 - DataIngestion - INFO - get_EOT_Data: Fetching data from EOT API. Results: 53, Channel: tiae
2023-04-26 14:05:37 - DataIngestion - INFO - get_EOT_Data: Fetching data from EOT API. Results: 1, Channel: iap_diff
2023-04-26 14:05:37 - DataIngestion - INFO - get_EOT_Data: Fetching data from EOT API. Results: 53, Channel: tiae
2023-04-26 14:06:15 - DataIngestion - INFO - get_EOT_Data: Fetching data from EOT API. Results: 1, Channel: iap_diff
2023-04-26 14:06:15 - DataIngestion - INFO - get_EOT_Data: Fetching data from EOT API. Results: 53, Channel: tiae
2023-04-26 14:06:53 - DataIngestion - INFO - get_EOT_Data: Fetching data from EOT API. Results: 1, Channel: iap_diff
2023-04-26 14:06:54 - DataIngestion - INFO - get_EOT_Data: Fetching data from EOT API. Results: 53, Channel: tiae
2023-04-26 14:07:32 - DataIngestion - INFO - get_EOT_Data: Fetching data from EOT API. Results: 1, Channel: iap_diff
2023-04-26 14:07:32 - DataIngestion - INFO - get_EOT_Data: Fetching data from EOT API. Results: 53, Channel: tiae
2023-04-26 14:07:47 - DataIngestion - INFO - get_EOT_Data: Fetching data from EOT API. Results: 1, Channel: iap_diff
2023-04-26 14:07:47 - DataIngestion - INFO - get_EOT_Data: Fetching data from EOT API. Results: 53, Channel: tiae
2023-04-26 14:08:47 - DataIngestion - INFO - get_EOT_Data: Fetching data from EOT API. Results: 1, Channel: iap_diff
2023-04-26 14:08:47 - DataIngestion - INFO - get_EOT_Data: Fetching data from EOT API. Results: 53, Channel: tiae
2023-04-26 14:09:47 - DataIngestion - INFO - get_EOT_Data: Fetching data from EOT API. Results: 1, Channel: iap_diff
2023-04-26 14:09:47 - DataIngestion - INFO - get_EOT_Data: Fetching data from EOT API. Results: 53, Channel: tiae
2023-04-26 14:10:47 - DataIngestion - INFO - get_EOT_Data: Fetching data from EOT API. Results: 1, Channel: iap_diff
2023-04-26 14:10:47 - DataIngestion - INFO - get_EOT_Data: Fetching data from EOT API. Results: 53, Channel: tiae
2023-04-26 14:11:47 - DataIngestion - INFO - get_EOT_Data: Fetching data from EOT API. Results: 1, Channel: iap_diff
2023-04-26 14:11:47 - DataIngestion - INFO - get_EOT_Data: Fetching data from EOT API. Results: 53, Channel: tiae
2023-04-26 14:12:47 - DataIngestion - INFO - get_EOT_Data: Fetching data from EOT API. Results: 1, Channel: iap_diff
2023-04-26 14:12:47 - DataIngestion - INFO - get_EOT_Data: Fetching data from EOT API. Results: 53, Channel: tiae
2023-04-26 14:13:47 - DataIngestion - INFO - get_EOT_Data: Fetching data from EOT API. Results: 1, Channel: iap_diff
2023-04-26 14:13:47 - DataIngestion - INFO - get_EOT_Data: Fetching data from EOT API. Results: 53, Channel: tiae
2023-04-26 14:14:47 - DataIngestion - INFO - get_EOT_Data: Fetching data from EOT API. Results: 1, Channel: iap_diff
2023-04-26 14:14:47 - DataIngestion - INFO - get_EOT_Data: Fetching data from EOT API. Results: 53, Channel: tiae
2023-04-26 14:15:46 - DataIngestion - INFO - get_EOT_Data: Fetching data from EOT API. Results: 1, Channel: iap_diff
2023-04-26 14:15:46 - DataIngestion - INFO - get_EOT_Data: Fetching data from EOT API. Results: 54, Channel: tiae
2023-04-26 14:16:46 - DataIngestion - INFO - get_EOT_Data: Fetching data from EOT API. Results: 1, Channel: iap_diff
2023-04-26 14:16:46 - DataIngestion - INFO - get_EOT_Data: Fetching data from EOT API. Results: 54, Channel: tiae
2023-04-26 14:17:46 - DataIngestion - INFO - get_EOT_Data: Fetching data from EOT API. Results: 1, Channel: iap_diff
2023-04-26 14:17:46 - DataIngestion - INFO - get_EOT_Data: Fetching data from EOT API. Results: 54, Channel: tiae
2023-04-26 14:18:31 - DataIngestion - INFO - get_EOT_Data: Fetching data from EOT API. Results: 1, Channel: iap_diff
2023-04-26 14:18:32 - DataIngestion - INFO - get_EOT_Data: Fetching data from EOT API. Results: 54, Channel: tiae
2023-04-26 14:19:31 - DataIngestion - INFO - get_EOT_Data: Fetching data from EOT API. Results: 1, Channel: iap_diff
2023-04-26 14:19:31 - DataIngestion - INFO - get_EOT_Data: Fetching data from EOT API. Results: 1, Channel: iap_diff
2023-04-26 14:19:32 - DataIngestion - INFO - get_EOT_Data: Fetching data from EOT API. Results: 54, Channel: tiae
2023-04-26 14:19:32 - DataIngestion - INFO - get_EOT_Data: Fetching data from EOT API. Results: 54, Channel: tiae
2023-04-26 14:20:31 - DataIngestion - INFO - get_EOT_Data: Fetching data from EOT API. Results: 1, Channel: iap_diff
2023-04-26 14:20:32 - DataIngestion - INFO - get_EOT_Data: Fetching data from EOT API. Results: 54, Channel: tiae
2023-04-26 14:21:09 - DataIngestion - INFO - get_EOT_Data: Fetching data from EOT API. Results: 1, Channel: iap_diff
2023-04-26 14:21:09 - DataIngestion - INFO - get_EOT_Data: Fetching data from EOT API. Results: 54, Channel: tiae
2023-04-26 14:21:16 - DataIngestion - INFO - get_EOT_Data: Fetching data from EOT API. Results: 1, Channel: iap_diff
2023-04-26 14:21:16 - DataIngestion - INFO - get_EOT_Data: Fetching data from EOT API. Results: 54, Channel: tiae
2023-04-26 14:21:31 - DataIngestion - INFO - get_EOT_Data: Fetching data from EOT API. Results: 1, Channel: iap_diff
2023-04-26 14:21:31 - DataIngestion - INFO - get_EOT_Data: Fetching data from EOT API. Results: 54, Channel: tiae
2023-04-26 14:21:31 - DataIngestion - INFO - get_EOT_Data: Fetching data from EOT API. Results: 1, Channel: iap_diff
2023-04-26 14:21:32 - DataIngestion - INFO - get_EOT_Data: Fetching data from EOT API. Results: 54, Channel: tiae
2023-04-26 14:21:43 - DataIngestion - INFO - get_EOT_Data: Fetching data from EOT API. Results: 1, Channel: iap_diff
2023-04-26 14:21:44 - DataIngestion - INFO - get_EOT_Data: Fetching data from EOT API. Results: 54, Channel: tiae
2023-04-26 14:21:55 - DataIngestion - INFO - get_EOT_Data: Fetching data from EOT API. Results: 1, Channel: iap_diff
2023-04-26 14:21:55 - DataIngestion - INFO - get_EOT_Data: Fetching data from EOT API. Results: 54, Channel: tiae
2023-04-26 14:22:31 - DataIngestion - INFO - get_EOT_Data: Fetching data from EOT API. Results: 1, Channel: iap_diff
2023-04-26 14:22:32 - DataIngestion - INFO - get_EOT_Data: Fetching data from EOT API. Results: 54, Channel: tiae
2023-04-26 14:23:29 - DataIngestion - INFO - get_EOT_Data: Fetching data from EOT API. Results: 1, Channel: iap_diff
2023-04-26 14:23:30 - DataIngestion - INFO - get_EOT_Data: Fetching data from EOT API. Results: 54, Channel: tiae
2023-04-26 14:23:31 - DataIngestion - INFO - get_EOT_Data: Fetching data from EOT API. Results: 1, Channel: iap_diff
2023-04-26 14:23:32 - DataIngestion - INFO - get_EOT_Data: Fetching data from EOT API. Results: 54, Channel: tiae
2023-04-26 14:24:31 - DataIngestion - INFO - get_EOT_Data: Fetching data from EOT API. Results: 1, Channel: iap_diff
2023-04-26 14:24:32 - DataIngestion - INFO - get_EOT_Data: Fetching data from EOT API. Results: 54, Channel: tiae
2023-04-26 14:25:31 - DataIngestion - INFO - get_EOT_Data: Fetching data from EOT API. Results: 1, Channel: iap_diff
2023-04-26 14:25:32 - DataIngestion - INFO - get_EOT_Data: Fetching data from EOT API. Results: 54, Channel: tiae
2023-04-26 14:26:31 - DataIngestion - INFO - get_EOT_Data: Fetching data from EOT API. Results: 1, Channel: iap_diff
2023-04-26 14:26:32 - DataIngestion - INFO - get_EOT_Data: Fetching data from EOT API. Results: 54, Channel: tiae
2023-04-26 14:27:32 - DataIngestion - INFO - get_EOT_Data: Fetching data from EOT API. Results: 1, Channel: iap_diff
2023-04-26 14:27:32 - DataIngestion - INFO - get_EOT_Data: Fetching data from EOT API. Results: 54, Channel: tiae
2023-04-26 14:28:11 - DataIngestion - INFO - get_EOT_Data: Fetching data from EOT API. Results: 1, Channel: iap_diff
2023-04-26 14:28:11 - DataIngestion - INFO - get_EOT_Data: Fetching data from EOT API. Results: 54, Channel: tiae
2023-04-26 14:28:22 - DataIngestion - INFO - OMIE Data - Start file Ingestion on folder: /Users/pedrosantos/Documents/Code Projects/inovCode/OmieData/omie-server/../OMIE_Data/
2023-04-26 14:28:22 - DataIngestion - INFO - Total Files Ingested = 87
2023-04-26 14:28:22 - DataIngestion - INFO - Min date = 2023-02-01 00:00:00
2023-04-26 14:28:22 - DataIngestion - INFO - Max date = 2023-04-27 23:00:00
2023-04-26 14:28:22 - DataIngestion - INFO - Total Rows in dataframe = 2064
2023-04-26 14:28:22 - DataIngestion - INFO - Ingestion completed
2023-04-26 14:28:32 - DataIngestion - INFO - get_EOT_Data: Fetching data from EOT API. Results: 1, Channel: iap_diff
2023-04-26 14:28:32 - DataIngestion - INFO - get_EOT_Data: Fetching data from EOT API. Results: 54, Channel: tiae
2023-04-26 14:28:35 - DataIngestion - INFO - get_EOT_Data: Fetching data from EOT API. Results: 1, Channel: iap_diff
2023-04-26 14:28:35 - DataIngestion - INFO - get_EOT_Data: Fetching data from EOT API. Results: 54, Channel: tiae
2023-04-26 14:29:32 - DataIngestion - INFO - get_EOT_Data: Fetching data from EOT API. Results: 1, Channel: iap_diff
2023-04-26 14:29:32 - DataIngestion - INFO - get_EOT_Data: Fetching data from EOT API. Results: 54, Channel: tiae
2023-04-26 14:30:32 - DataIngestion - INFO - get_EOT_Data: Fetching data from EOT API. Results: 1, Channel: iap_diff
2023-04-26 14:30:32 - DataIngestion - INFO - get_EOT_Data: Fetching data from EOT API. Results: 55, Channel: tiae
2023-04-26 14:31:32 - DataIngestion - INFO - get_EOT_Data: Fetching data from EOT API. Results: 1, Channel: iap_diff
2023-04-26 14:31:32 - DataIngestion - INFO - get_EOT_Data: Fetching data from EOT API. Results: 55, Channel: tiae
2023-04-26 14:32:32 - DataIngestion - INFO - get_EOT_Data: Fetching data from EOT API. Results: 1, Channel: iap_diff
2023-04-26 14:32:32 - DataIngestion - INFO - get_EOT_Data: Fetching data from EOT API. Results: 55, Channel: tiae
2023-04-26 14:33:32 - DataIngestion - INFO - get_EOT_Data: Fetching data from EOT API. Results: 1, Channel: iap_diff
2023-04-26 14:33:32 - DataIngestion - INFO - get_EOT_Data: Fetching data from EOT API. Results: 55, Channel: tiae
2023-04-26 14:34:32 - DataIngestion - INFO - get_EOT_Data: Fetching data from EOT API. Results: 1, Channel: iap_diff
2023-04-26 14:34:32 - DataIngestion - INFO - get_EOT_Data: Fetching data from EOT API. Results: 55, Channel: tiae
